============================================================
  Generated by:           Genus(TM) Synthesis Solution 19.12-s121_1
  Generated on:           Apr 07 2023  05:55:26 pm
  Module:                 fifo1
  Technology libraries:   saed32hvt_ss0p75v125c 1.0000000
                          saed32hvt_ss0p95v125c 1.0000000
                          saed32rvt_ss0p75v125c 1.0000000
                          saed32rvt_ss0p95v125c 1.0000000
                          saed32lvt_ss0p75v125c 1.0000000
                          saed32lvt_ss0p95v125c 1.0000000
                          saed32io_wb_ss0p95v125c_2p25v 
                          saed32sram_ss0p95v125c 1.0000000
  Operating conditions:   ss0p75v125c (best_case_tree)
  Wireload mode:          enclosed
  Area mode:              timing library
============================================================

Timing
--------

Clock Period 
-------------
rclk  3000.0 
wclk  6000.0 


  Cost    Critical         Violating 
 Group   Path Slack  TNS     Paths   
-------------------------------------
default    No paths   0.0            
INPUTS     No paths   0.0            
OUTPUTS    No paths   0.0            
rclk         1511.9   0.0          0 
wclk         2740.2   0.0          0 
-------------------------------------
Total                 0.0          0 

Instance Count
--------------
Leaf Instance Count             1176 
Physical Instance count            0 
Sequential Instance Count        576 
Combinational Instance Count     600 
Hierarchical Instance Count        5 

Area
----
Cell Area                          306319.291
Physical Cell Area                 0.000
Total Cell Area (Cell+Physical)    306319.291
Net Area                           0.000
Total Area (Cell+Physical+Net)     306319.291

Max Fanout                         539 (n_18)
Min Fanout                         0 (io_b_wrst_n_net)
Average Fanout                     3.4
Terms to net ratio                 4.9176
Terms to instance ratio            5.0264
Runtime                            70.101326 seconds
Elapsed Runtime                    108 seconds
Genus peak memory usage            1765.52 
Innovus peak memory usage          no_value 
Hostname                           auto.ece.pdx.edu
