
Cadence Innovus(TM) Implementation System.
Copyright 2019 Cadence Design Systems, Inc. All rights reserved worldwide.

Version:	v19.16-s053_1, built Mon Aug 31 13:16:01 PDT 2020
Options:	
Date:		Fri Apr  7 17:57:27 2023
Host:		auto.ece.pdx.edu (x86_64 w/Linux 3.10.0-1160.88.1.el7.x86_64) (1core*60cpus*Intel Xeon E312xx (Sandy Bridge, IBRS update) 16384KB)
OS:		CentOS Linux release 7.9.2009 (Core)

License:
		invs	Innovus Implementation System	19.1	checkout succeeded
		8 CPU jobs allowed with the current license(s). Use setMultiCpuUsage to set your required CPU count.
Change the soft stacksize limit to 0.2%RAM (170 mbytes). Set global soft_stack_size_limit to change the value.

**INFO:  MMMC transition support version v31-84 

<CMD> set_global _enable_mmmc_by_default_flow      $CTE::mmmc_default
<CMD> suppressMessage ENCEXT-2799
<CMD> win
### Start verbose source output (echo mode) for '../../fifo1.design_config.tcl' ...
# set lib_dir /pkgs/synopsys/2020/32_28nm/SAED32_EDK
# set top_design fifo1
# set add_ios 1
# set pad_design 1
# set design_size { 580 580  } 
# set design_io_border 310
# set dc_floorplanning 1
# set rtl_list [list ../rtl/$top_design.sv ]
# set slow_corner "ss0p75v125c ss0p95v125c_2p25v ss0p95v125c"
# set fast_corner "ff0p95vn40c ff1p16vn40c_2p75v ff1p16vn40c"
# set synth_corners $slow_corner
# set slow_metal Cmax_125
# set fast_metal Cmax_125
# set lib_types "stdcell_hvt stdcell_rvt stdcell_lvt io_std sram"
# set sub_lib_type "saed32?vt_ saed32sram_ saed32io_wb_"
# set topdir [ lindex [ regexp -inline "(.*)\(syn\|pt\|apr\)" [pwd] ] 1 ]
### End verbose source output for '../../fifo1.design_config.tcl'.
<CMD> set_global _enable_mmmc_by_default_flow      $CTE::mmmc_default
<CMD> set search_path {}
can't read "synth_corners_slow": no such variable
### Start verbose source output (echo mode) for '../../fifo1.design_config.tcl' ...
# set lib_dir /pkgs/synopsys/2020/32_28nm/SAED32_EDK
# set top_design fifo1
# set add_ios 1
# set pad_design 1
# set design_size { 580 580  } 
# set design_io_border 310
# set dc_floorplanning 1
# set rtl_list [list ../rtl/$top_design.sv ]
# set slow_corner "ss0p75v125c ss0p95v125c_2p25v ss0p95v125c"
# set fast_corner "ff0p95vn40c ff1p16vn40c_2p75v ff1p16vn40c"
# set synth_corners $slow_corner
# set slow_metal Cmax_125
# set fast_metal Cmax_125
# set lib_types "stdcell_hvt stdcell_rvt stdcell_lvt io_std sram"
# set sub_lib_type "saed32?vt_ saed32sram_ saed32io_wb_"
# set topdir [ lindex [ regexp -inline "(.*)\(syn\|pt\|apr\)" [pwd] ] 1 ]
### End verbose source output for '../../fifo1.design_config.tcl'.
<CMD> set_global _enable_mmmc_by_default_flow      $CTE::mmmc_default
<CMD> set search_path {}
can't read "synth_corners_slow": no such variable

--------------------------------------------------------------------------------
Exiting Innovus on Fri Apr  7 18:40:18 2023
  Total CPU time:     0:06:01
  Total real time:    0:42:52
  Peak memory (main): 575.55MB


*** Memory Usage v#1 (Current mem = 791.191M, initial mem = 289.684M) ***
*** Message Summary: 0 warning(s), 0 error(s)

--- Ending "Innovus" (totcpu=0:06:00, real=0:42:51, mem=791.2M) ---
